<?xml version="1.0" encoding="UTF-8"?>
<!-- Generated by org.testng.reporters.JUnitXMLReporter -->
<testsuite hostname="II02-JWXVKC2" ignored="0" name="Test1" tests="3" failures="0" timestamp="25 Aug 2019 07:09:43 GMT" time="3.67" errors="0">
  <testcase name="check_title" time="0.057" classname="Page_Test.Login_Test"/>
  <testcase name="click_to_sign" time="1.46" classname="Page_Test.Login_Test"/>
  <testcase name="enter_email" time="0.166" classname="Page_Test.Login_Test"/>
</testsuite> <!-- Test1 -->
